<?xml version="1.0" encoding="UTF-8"?>
<!-- Generated by org.testng.reporters.JUnitXMLReporter -->
<testsuite ignored="0" hostname="QB-TP3-2221" failures="0" tests="4" name="Default test" time="0.05" errors="0" timestamp="2022-08-25T15:26:38 IST">
  <testcase classname="TestNG.DataproviderTesting" name="testCase01" time="0.006"/>
  <testcase classname="TestNG.DataproviderTesting" name="testCase01" time="0.001"/>
  <testcase classname="TestNG.DataproviderTesting" name="testCase01" time="0.001"/>
  <testcase classname="TestNG.DataproviderTesting" name="testCase01" time="0.001"/>
</testsuite> <!-- Default test -->
