<?xml version="1.0" encoding="UTF-8"?>
<testng-results ignored="0" total="4" passed="4" failed="0" skipped="0">
  <reporter-output>
  </reporter-output>
  <suite started-at="2022-08-25T15:26:38 IST" name="Default suite" finished-at="2022-08-25T15:26:38 IST" duration-ms="50">
    <groups>
    </groups>
    <test started-at="2022-08-25T15:26:38 IST" name="Default test" finished-at="2022-08-25T15:26:38 IST" duration-ms="50">
      <class name="TestNG.DataproviderTesting">
        <test-method signature="testCase01(int,int,int)[pri:0, instance:TestNG.DataproviderTesting@7133da86]" started-at="2022-08-25T15:26:38 IST" name="testCase01" data-provider="data-provider" finished-at="2022-08-25T15:26:38 IST" duration-ms="6" status="PASS">
          <params>
            <param index="0">
              <value>
                <![CDATA[2]]>
              </value>
            </param>
            <param index="1">
              <value>
                <![CDATA[3]]>
              </value>
            </param>
            <param index="2">
              <value>
                <![CDATA[5]]>
              </value>
            </param>
          </params>
          <reporter-output>
          </reporter-output>
        </test-method> <!-- testCase01 -->
        <test-method signature="testCase01(int,int,int)[pri:0, instance:TestNG.DataproviderTesting@7133da86]" started-at="2022-08-25T15:26:38 IST" name="testCase01" data-provider="data-provider" finished-at="2022-08-25T15:26:38 IST" duration-ms="1" status="PASS">
          <params>
            <param index="0">
              <value>
                <![CDATA[5]]>
              </value>
            </param>
            <param index="1">
              <value>
                <![CDATA[7]]>
              </value>
            </param>
            <param index="2">
              <value>
                <![CDATA[8]]>
              </value>
            </param>
          </params>
          <reporter-output>
          </reporter-output>
        </test-method> <!-- testCase01 -->
        <test-method signature="testCase01(int,int,int)[pri:0, instance:TestNG.DataproviderTesting@7133da86]" started-at="2022-08-25T15:26:38 IST" name="testCase01" data-provider="data-provider" finished-at="2022-08-25T15:26:38 IST" duration-ms="1" status="PASS">
          <params>
            <param index="0">
              <value>
                <![CDATA[10]]>
              </value>
            </param>
            <param index="1">
              <value>
                <![CDATA[15]]>
              </value>
            </param>
            <param index="2">
              <value>
                <![CDATA[5]]>
              </value>
            </param>
          </params>
          <reporter-output>
          </reporter-output>
        </test-method> <!-- testCase01 -->
        <test-method signature="testCase01(int,int,int)[pri:0, instance:TestNG.DataproviderTesting@7133da86]" started-at="2022-08-25T15:26:38 IST" name="testCase01" data-provider="data-provider" finished-at="2022-08-25T15:26:38 IST" duration-ms="1" status="PASS">
          <params>
            <param index="0">
              <value>
                <![CDATA[20]]>
              </value>
            </param>
            <param index="1">
              <value>
                <![CDATA[22]]>
              </value>
            </param>
            <param index="2">
              <value>
                <![CDATA[44]]>
              </value>
            </param>
          </params>
          <reporter-output>
          </reporter-output>
        </test-method> <!-- testCase01 -->
      </class> <!-- TestNG.DataproviderTesting -->
    </test> <!-- Default test -->
  </suite> <!-- Default suite -->
</testng-results>
