<?xml version="1.0" encoding="UTF-8"?>
<!-- Generated by org.testng.reporters.JUnitXMLReporter -->
<testsuite ignored="0" hostname="QB-TP3-2221" failures="0" tests="2" name="EdgeTest" time="0.011" errors="0" timestamp="2022-08-16T12:33:54 IST">
  <testcase classname="TestNG.BasicAssertion" name="@BeforeMethod beforemethod" time="0.0">
    <failure type="java.lang.NullPointerException">
      <![CDATA[java.lang.NullPointerException
at TestNG.BasicAssertion.beforemethod(BasicAssertion.java:58)
at java.base/java.util.ArrayList.forEach(ArrayList.java:1541)
... Removed 31 stack frames]]>
    </failure>
  </testcase> <!-- @BeforeMethod beforemethod -->
  <testcase classname="TestNG.BasicAssertion" name="@AfterMethod aftermethod" time="-1.660633433991E9">
    <skipped/>
  </testcase> <!-- @AfterMethod aftermethod -->
  <testcase classname="TestNG.BasicAssertion" name="@BeforeMethod beforemethod" time="-1.660633433993E9">
    <skipped/>
  </testcase> <!-- @BeforeMethod beforemethod -->
  <testcase classname="TestNG.BasicAssertion" name="@AfterMethod aftermethod" time="-1.660633433995E9">
    <skipped/>
  </testcase> <!-- @AfterMethod aftermethod -->
  <testcase classname="TestNG.BasicAssertion" name="remembermeCheckBoxValidation" time="0.0">
    <skipped/>
  </testcase> <!-- remembermeCheckBoxValidation -->
  <testcase classname="TestNG.BasicAssertion" name="verifyLoginbuttonText" time="0.0">
    <skipped/>
  </testcase> <!-- verifyLoginbuttonText -->
</testsuite> <!-- EdgeTest -->
