<?xml version="1.0" encoding="UTF-8"?>
<!-- Generated by org.testng.reporters.JUnitXMLReporter -->
<testsuite ignored="0" hostname="QB-TP3-2221" failures="1" tests="2" name="Firefox" time="14.336" errors="0" timestamp="2022-08-16T12:33:53 IST">
  <testcase classname="TestNG.BasicAssertion" name="remembermeCheckBoxValidation" time="0.288"/>
  <testcase classname="TestNG.BasicAssertion" name="verifyLoginbuttonText" time="0.031">
    <failure type="java.lang.AssertionError" message="The following asserts failed:
	 :Login button text not expected  expected [LOGINoo] but found [LOGIN]">
      <![CDATA[java.lang.AssertionError: The following asserts failed:
 :Login button text not expected  expected [LOGINoo] but found [LOGIN]
at TestNG.BasicAssertion.verifyLoginbuttonText(BasicAssertion.java:30)
at java.base/java.util.ArrayList.forEach(ArrayList.java:1541)
... Removed 29 stack frames]]>
    </failure>
  </testcase> <!-- verifyLoginbuttonText -->
</testsuite> <!-- Firefox -->
