<?xml version="1.0" encoding="UTF-8"?>
<!-- Generated by org.testng.reporters.JUnitXMLReporter -->
<testsuite ignored="0" hostname="QB-TP3-2221" failures="0" tests="4" name="My Test" time="0.044" errors="0" timestamp="2022-08-02T08:49:12 IST">
  <testcase classname="TestNG.BasicAnotations" name="testCase01" time="0.004"/>
  <testcase classname="TestNG.BasicAnotations" name="testCase02" time="0.001"/>
  <testcase classname="TestNG.BasicAnotations" name="testCase03" time="0.001"/>
  <testcase classname="TestNG.BasicAnotations" name="testCase04" time="0.0"/>
</testsuite> <!-- My Test -->
