<?xml version="1.0" encoding="UTF-8"?>
<!-- Generated by org.testng.reporters.JUnitXMLReporter -->
<testsuite ignored="3" hostname="QB-TP3-2221" failures="0" tests="1" name="Test" time="0.036" errors="0" timestamp="2022-08-03T08:46:18 IST">
  <testcase classname="TestNG.Grouping" name="Testcase2" time="0.007"/>
  <testcase classname="TestNG.Grouping" name="Testcase3" time="0.0">
    <ignored/>
  </testcase> <!-- Testcase3 -->
  <testcase classname="TestNG.Grouping" name="Testcase4" time="0.0">
    <ignored/>
  </testcase> <!-- Testcase4 -->
  <testcase classname="TestNG.Grouping" name="Testcase1" time="0.0">
    <ignored/>
  </testcase> <!-- Testcase1 -->
</testsuite> <!-- Test -->
